<?xml version="1.0" encoding="UTF-8"?>
<robot generator="Robot 6.0.2 (Python 3.11.1 on darwin)" generated="20230206 01:14:47.033" rpa="false" schemaversion="3">
<suite id="s1" name="Ksu robot" source="/Users/kseniiasokolova/PycharmProjects/Ksu_robot">
<suite id="s1-s1" name="Test" source="/Users/kseniiasokolova/PycharmProjects/Ksu_robot/test.robot">
<test id="s1-s1-t1" name="Assert post description for Mr Wcislo" line="69">
<kw name="Open Big Case eobuwie page">
<kw name="Open Browser" library="SeleniumLibrary">
<arg>${BC EOBUWIE URL}</arg>
<arg>${BROWSER}</arg>
<doc>Opens a new browser instance to the optional ``url``.</doc>
<msg timestamp="20230206 01:14:47.107" level="INFO">Opening browser 'Chrome' to base url 'https://flyingbisons.com/case-studies/eobuwie-mobile'.</msg>
<status status="PASS" starttime="20230206 01:14:47.107" endtime="20230206 01:14:53.088"/>
</kw>
<kw name="Title Should Be" library="SeleniumLibrary">
<arg>eObuwie mobile</arg>
<doc>Verifies that the current page title equals ``title``.</doc>
<msg timestamp="20230206 01:14:53.102" level="INFO">Page title is 'eObuwie mobile'.</msg>
<status status="PASS" starttime="20230206 01:14:53.088" endtime="20230206 01:14:53.102"/>
</kw>
<status status="PASS" starttime="20230206 01:14:47.107" endtime="20230206 01:14:53.102"/>
</kw>
<kw name="Close Cookies popup FB">
<kw name="Wait Until Element Is Visible" library="SeleniumLibrary">
<arg>${COOKIESFB}</arg>
<doc>Waits until the element ``locator`` is visible.</doc>
<status status="PASS" starttime="20230206 01:14:53.102" endtime="20230206 01:14:53.553"/>
</kw>
<kw name="Scroll Element Into View" library="SeleniumLibrary">
<arg>${COOKIESFB}</arg>
<doc>Scrolls the element identified by ``locator`` into view.</doc>
<status status="PASS" starttime="20230206 01:14:53.553" endtime="20230206 01:14:53.846"/>
</kw>
<kw name="Click Element" library="SeleniumLibrary">
<arg>${COOKIESFB}</arg>
<doc>Click the element identified by ``locator``.</doc>
<msg timestamp="20230206 01:14:53.847" level="INFO">Clicking element 'xpath=//*[@id="iubenda-cs-banner"]/div/div/div/div[3]/div[2]/button[2]'.</msg>
<status status="PASS" starttime="20230206 01:14:53.846" endtime="20230206 01:14:54.105"/>
</kw>
<status status="PASS" starttime="20230206 01:14:53.102" endtime="20230206 01:14:54.105"/>
</kw>
<kw name="Check post description for Mr Wcislo">
<kw name="Run Keyword And Ignore Error" library="BuiltIn">
<arg>Scroll Element Into View</arg>
<arg>${POSTDESCRIPTION}</arg>
<doc>Runs the given keyword with the given arguments and ignores possible error.</doc>
<kw name="Scroll Element Into View" library="SeleniumLibrary">
<arg>${POSTDESCRIPTION}</arg>
<doc>Scrolls the element identified by ``locator`` into view.</doc>
<msg timestamp="20230206 01:15:01.117" level="INFO" html="true">&lt;/td&gt;&lt;/tr&gt;&lt;tr&gt;&lt;td colspan="3"&gt;&lt;a href="selenium-screenshot-6.png"&gt;&lt;img src="selenium-screenshot-6.png" width="800px"&gt;&lt;/a&gt;</msg>
<msg timestamp="20230206 01:15:01.117" level="FAIL">MoveTargetOutOfBoundsException: Message: move target out of bounds
  (Session info: chrome=109.0.5414.119)
Stacktrace:
0   chromedriver                        0x000000010255cfa8 chromedriver + 4886440
1   chromedriver                        0x00000001024da643 chromedriver + 4351555
2   chromedriver                        0x000000010212899d chromedriver + 477597
3   chromedriver                        0x00000001021b8db0 chromedriver + 1068464
4   chromedriver                        0x00000001021935d2 chromedriver + 914898
5   chromedriver                        0x00000001021ae5fe chromedriver + 1025534
6   chromedriver                        0x00000001021933a3 chromedriver + 914339
7   chromedriver                        0x000000010215d57f chromedriver + 693631
8   chromedriver                        0x000000010215eb1e chromedriver + 699166
9   chromedriver                        0x0000000102529b9e chromedriver + 4676510
10  chromedriver                        0x000000010252e91e chromedriver + 4696350
11  chromedriver                        0x000000010253619f chromedriver + 4727199
12  chromedriver                        0x000000010252f81a chromedriver + 4700186
13  chromedriver                        0x0000000102502a62 chromedriver + 4516450
14  chromedriver                        0x000000010254e8c8 chromedriver + 4827336
15  chromedriver                        0x000000010254ea45 chromedriver + 4827717
16  chromedriver                        0x00000001025647ef chromedriver + 4917231
17  libsystem_pthread.dylib             0x00007ff8199a3259 _pthread_start + 125
18  libsystem_pthread.dylib             0x00007ff81999ec7b thread_start + 15
</msg>
<status status="FAIL" starttime="20230206 01:14:54.106" endtime="20230206 01:15:01.118"/>
</kw>
<status status="PASS" starttime="20230206 01:14:54.106" endtime="20230206 01:15:01.118"/>
</kw>
<kw name="Wait Until Element Is Visible" library="SeleniumLibrary">
<arg>${POSTDESCRIPTION}</arg>
<doc>Waits until the element ``locator`` is visible.</doc>
<status status="PASS" starttime="20230206 01:15:01.118" endtime="20230206 01:15:01.132"/>
</kw>
<kw name="Element Text Should Be" library="SeleniumLibrary">
<arg>${POSTDESCRIPTION}</arg>
<arg>HEAD OF ECOMMERCE EXPERIENCE DESIGN, EOBUWIE WCISLO</arg>
<doc>Verifies that element ``locator`` contains exact the text ``expected``.</doc>
<msg timestamp="20230206 01:15:01.132" level="INFO">Verifying element 'xpath=//p[@class='t-text -f12 -cWhite -uppercase']' contains exact text 'HEAD OF ECOMMERCE EXPERIENCE DESIGN, EOBUWIE WCISLO'.</msg>
<msg timestamp="20230206 01:15:01.664" level="INFO" html="true">&lt;/td&gt;&lt;/tr&gt;&lt;tr&gt;&lt;td colspan="3"&gt;&lt;a href="selenium-screenshot-7.png"&gt;&lt;img src="selenium-screenshot-7.png" width="800px"&gt;&lt;/a&gt;</msg>
<msg timestamp="20230206 01:15:01.664" level="FAIL">The text of element 'xpath=//p[@class='t-text -f12 -cWhite -uppercase']' should have been 'HEAD OF ECOMMERCE EXPERIENCE DESIGN, EOBUWIE WCISLO' but it was 'HEAD OF ECOMMERCE EXPERIENCE DESIGN, EOBUWIE'.</msg>
<status status="FAIL" starttime="20230206 01:15:01.132" endtime="20230206 01:15:01.664"/>
</kw>
<kw name="Capture Page Screenshot" library="SeleniumLibrary">
<arg>screenshot_${TEST NAME}.png</arg>
<doc>Takes a screenshot of the current page and embeds it into a log file.</doc>
<status status="NOT RUN" starttime="20230206 01:15:01.664" endtime="20230206 01:15:01.664"/>
</kw>
<status status="FAIL" starttime="20230206 01:14:54.106" endtime="20230206 01:15:01.664"/>
</kw>
<kw name="Close Browser" library="SeleniumLibrary" type="TEARDOWN">
<doc>Closes the current browser.</doc>
<status status="PASS" starttime="20230206 01:15:01.664" endtime="20230206 01:15:01.736"/>
</kw>
<status status="FAIL" starttime="20230206 01:14:47.106" endtime="20230206 01:15:01.736">The text of element 'xpath=//p[@class='t-text -f12 -cWhite -uppercase']' should have been 'HEAD OF ECOMMERCE EXPERIENCE DESIGN, EOBUWIE WCISLO' but it was 'HEAD OF ECOMMERCE EXPERIENCE DESIGN, EOBUWIE'.</status>
</test>
<doc>Suite description</doc>
<status status="FAIL" starttime="20230206 01:14:47.041" endtime="20230206 01:15:01.736"/>
</suite>
<status status="FAIL" starttime="20230206 01:14:47.034" endtime="20230206 01:15:01.737"/>
</suite>
<statistics>
<total>
<stat pass="0" fail="1" skip="0">All Tests</stat>
</total>
<tag>
</tag>
<suite>
<stat pass="0" fail="1" skip="0" id="s1" name="Ksu robot">Ksu robot</stat>
<stat pass="0" fail="1" skip="0" id="s1-s1" name="Test">Ksu robot.Test</stat>
</suite>
</statistics>
<errors>
</errors>
</robot>
